This is pdfTeX, Version 3.14159265-2.6-1.40.15 (TeX Live 2014) (preloaded format=pdflatex 2015.5.7)  9 MAY 2015 16:42
entering extended mode
 restricted \write18 enabled.
 file:line:error style messages enabled.
 %&-line parsing enabled.
**relat.tex
(./relat.tex
LaTeX2e <2014/05/01>
Babel <3.9k> and hyphenation patterns for 78 languages loaded.
(/usr/local/texlive/2014/texmf-dist/tex/latex/base/report.cls
Document Class: report 2007/10/19 v1.4h Standard LaTeX document class
(/usr/local/texlive/2014/texmf-dist/tex/latex/base/size11.clo
File: size11.clo 2007/10/19 v1.4h Standard LaTeX file (size option)
)
\c@part=\count79
\c@chapter=\count80
\c@section=\count81
\c@subsection=\count82
\c@subsubsection=\count83
\c@paragraph=\count84
\c@subparagraph=\count85
\c@figure=\count86
\c@table=\count87
\abovecaptionskip=\skip41
\belowcaptionskip=\skip42
\bibindent=\dimen102
) (./myheader.sty
Package: myheader 
(/usr/local/texlive/2014/texmf-dist/tex/latex/etex-pkg/etex.sty
Package: etex 1998/03/26 v2.0 eTeX basic definition package (PEB)
\et@xins=\count88
)
(/usr/local/texlive/2014/texmf-dist/tex/latex/base/fontenc.sty
Package: fontenc 2005/09/27 v1.99g Standard LaTeX package

(/usr/local/texlive/2014/texmf-dist/tex/latex/base/t1enc.def
File: t1enc.def 2005/09/27 v1.99g Standard LaTeX file
LaTeX Font Info:    Redeclaring font encoding T1 on input line 43.
))
(/usr/local/texlive/2014/texmf-dist/tex/generic/babel/babel.sty
Package: babel 2014/03/24 3.9k The Babel package

(/usr/local/texlive/2014/texmf-dist/tex/generic/babel-portuges/portuges.ldf
Language: portuges 2008/03/18 v1.2q Portuguese support from the babel system

(/usr/local/texlive/2014/texmf-dist/tex/generic/babel/babel.def
File: babel.def 2014/03/24 3.9k Babel common definitions
\babel@savecnt=\count89
\U@D=\dimen103
)
Package babel Info: Making " an active character on input line 145.
))
(/usr/local/texlive/2014/texmf-dist/tex/latex/graphics/graphicx.sty
Package: graphicx 2014/04/25 v1.0g Enhanced LaTeX Graphics (DPC,SPQR)

(/usr/local/texlive/2014/texmf-dist/tex/latex/graphics/keyval.sty
Package: keyval 2014/05/08 v1.15 key=value parser (DPC)
\KV@toks@=\toks14
)
(/usr/local/texlive/2014/texmf-dist/tex/latex/graphics/graphics.sty
Package: graphics 2009/02/05 v1.0o Standard LaTeX Graphics (DPC,SPQR)

(/usr/local/texlive/2014/texmf-dist/tex/latex/graphics/trig.sty
Package: trig 1999/03/16 v1.09 sin cos tan (DPC)
)
(/usr/local/texlive/2014/texmf-dist/tex/latex/latexconfig/graphics.cfg
File: graphics.cfg 2010/04/23 v1.9 graphics configuration of TeX Live
)
Package graphics Info: Driver file: pdftex.def on input line 91.

(/usr/local/texlive/2014/texmf-dist/tex/latex/pdftex-def/pdftex.def
File: pdftex.def 2011/05/27 v0.06d Graphics/color for pdfTeX

(/usr/local/texlive/2014/texmf-dist/tex/generic/oberdiek/infwarerr.sty
Package: infwarerr 2010/04/08 v1.3 Providing info/warning/error messages (HO)
)
(/usr/local/texlive/2014/texmf-dist/tex/generic/oberdiek/ltxcmds.sty
Package: ltxcmds 2011/11/09 v1.22 LaTeX kernel commands for general use (HO)
)
\Gread@gobject=\count90
))
\Gin@req@height=\dimen104
\Gin@req@width=\dimen105
)
(/usr/local/texlive/2014/texmf-dist/tex/latex/adjustbox/adjustbox.sty
Package: adjustbox 2012/05/21 v1.0 Adjusting TeX boxes (trim, clip, ...)

(/usr/local/texlive/2014/texmf-dist/tex/latex/xkeyval/xkeyval.sty
Package: xkeyval 2014/05/09 v2.6d package option processing (HA)

(/usr/local/texlive/2014/texmf-dist/tex/generic/xkeyval/xkeyval.tex
\XKV@toks=\toks15
\XKV@tempa@toks=\toks16
\XKV@depth=\count91
File: xkeyval.tex 2014/05/09 v2.6d key=value parser (HA)
))
(/usr/local/texlive/2014/texmf-dist/tex/latex/adjustbox/adjcalc.sty
Package: adjcalc 2012/05/16 v1.1 Provides advanced setlength with multiple back
-ends (calc, etex, pgfmath)
)
(/usr/local/texlive/2014/texmf-dist/tex/latex/adjustbox/trimclip.sty
Package: trimclip 2012/05/16 v1.0 Trim and clip general TeX material

(/usr/local/texlive/2014/texmf-dist/tex/latex/collectbox/collectbox.sty
Package: collectbox 2012/05/17 v0.4b Collect macro arguments as boxes
\collectedbox=\box26
)
\tc@llx=\dimen106
\tc@lly=\dimen107
\tc@urx=\dimen108
\tc@ury=\dimen109
Package trimclip Info: Using driver 'tc-pdftex.def'.

(/usr/local/texlive/2014/texmf-dist/tex/latex/adjustbox/tc-pdftex.def
File: tc-pdftex.def 2012/05/13 v1.0 Clipping driver for pdftex
))
\adjbox@Width=\dimen110
\adjbox@Height=\dimen111
\adjbox@Depth=\dimen112
\adjbox@Totalheight=\dimen113

(/usr/local/texlive/2014/texmf-dist/tex/latex/ifoddpage/ifoddpage.sty
Package: ifoddpage 2011/09/13 v1.0 Conditionals for odd/even page detection
\c@checkoddpage=\count92
)
(/usr/local/texlive/2014/texmf-dist/tex/latex/varwidth/varwidth.sty
Package: varwidth 2009/03/30 ver 0.92;  Variable-width minipages
\@vwid@box=\box27
\sift@deathcycles=\count93
\@vwid@loff=\dimen114
\@vwid@roff=\dimen115
))
(/usr/local/texlive/2014/texmf-dist/tex/latex/graphics/color.sty
Package: color 2014/04/23 v1.1a Standard LaTeX Color (DPC)

(/usr/local/texlive/2014/texmf-dist/tex/latex/latexconfig/color.cfg
File: color.cfg 2007/01/18 v1.5 color configuration of teTeX/TeXLive
)
Package color Info: Driver file: pdftex.def on input line 137.
)
(/usr/local/texlive/2014/texmf-dist/tex/latex/caption/caption.sty
Package: caption 2013/05/02 v3.3-89 Customizing captions (AR)

(/usr/local/texlive/2014/texmf-dist/tex/latex/caption/caption3.sty
Package: caption3 2013/05/02 v1.6-88 caption3 kernel (AR)
Package caption3 Info: TeX engine: e-TeX on input line 57.
\captionmargin=\dimen116
\captionmargin@=\dimen117
\captionwidth=\dimen118
\caption@tempdima=\dimen119
\caption@indent=\dimen120
\caption@parindent=\dimen121
\caption@hangindent=\dimen122
)
\c@ContinuedFloat=\count94
)
(/usr/local/texlive/2014/texmf-dist/tex/latex/geometry/geometry.sty
Package: geometry 2010/09/12 v5.6 Page Geometry

(/usr/local/texlive/2014/texmf-dist/tex/generic/oberdiek/ifpdf.sty
Package: ifpdf 2011/01/30 v2.3 Provides the ifpdf switch (HO)
Package ifpdf Info: pdfTeX in PDF mode is detected.
)
(/usr/local/texlive/2014/texmf-dist/tex/generic/oberdiek/ifvtex.sty
Package: ifvtex 2010/03/01 v1.5 Detect VTeX and its facilities (HO)
Package ifvtex Info: VTeX not detected.
)
(/usr/local/texlive/2014/texmf-dist/tex/generic/ifxetex/ifxetex.sty
Package: ifxetex 2010/09/12 v0.6 Provides ifxetex conditional
)
\Gm@cnth=\count95
\Gm@cntv=\count96
\c@Gm@tempcnt=\count97
\Gm@bindingoffset=\dimen123
\Gm@wd@mp=\dimen124
\Gm@odd@mp=\dimen125
\Gm@even@mp=\dimen126
\Gm@layoutwidth=\dimen127
\Gm@layoutheight=\dimen128
\Gm@layouthoffset=\dimen129
\Gm@layoutvoffset=\dimen130
\Gm@dimlist=\toks17
)
(/usr/local/texlive/2014/texmf-dist/tex/latex/comment/comment.sty
\CommentStream=\write3

Excluding comment 'comment')
(/usr/local/texlive/2014/texmf-dist/tex/latex/fancyhdr/fancyhdr.sty
\fancy@headwidth=\skip43
\f@ncyO@elh=\skip44
\f@ncyO@erh=\skip45
\f@ncyO@olh=\skip46
\f@ncyO@orh=\skip47
\f@ncyO@elf=\skip48
\f@ncyO@erf=\skip49
\f@ncyO@olf=\skip50
\f@ncyO@orf=\skip51
)

Package Fancyhdr Warning: \fancyhead's `E' option without twoside option is use
less on input line 28.


Package Fancyhdr Warning: \fancyhead's `E' option without twoside option is use
less on input line 30.

(/usr/local/texlive/2014/texmf-dist/tex/latex/amsfonts/amsfonts.sty
Package: amsfonts 2013/01/14 v3.01 Basic AMSFonts support
\@emptytoks=\toks18
\symAMSa=\mathgroup4
\symAMSb=\mathgroup5
LaTeX Font Info:    Overwriting math alphabet `\mathfrak' in version `bold'
(Font)                  U/euf/m/n --> U/euf/b/n on input line 106.
)
(/usr/local/texlive/2014/texmf-dist/tex/latex/mh/empheq.sty
Package: empheq 2013/02/12 v2.13 Emphasizing equations

(/usr/local/texlive/2014/texmf-dist/tex/latex/mh/mhsetup.sty
Package: mhsetup 2010/01/21 v1.2a programming setup (MH)
)
(/usr/local/texlive/2014/texmf-dist/tex/latex/mh/mathtools.sty
Package: mathtools 2014/05/21 v1.14 mathematical typesetting tools

(/usr/local/texlive/2014/texmf-dist/tex/latex/tools/calc.sty
Package: calc 2007/08/22 v4.3 Infix arithmetic (KKT,FJ)
\calc@Acount=\count98
\calc@Bcount=\count99
\calc@Adimen=\dimen131
\calc@Bdimen=\dimen132
\calc@Askip=\skip52
\calc@Bskip=\skip53
LaTeX Info: Redefining \setlength on input line 75.
LaTeX Info: Redefining \addtolength on input line 76.
\calc@Ccount=\count100
\calc@Cskip=\skip54
)
(/usr/local/texlive/2014/texmf-dist/tex/latex/amsmath/amsmath.sty
Package: amsmath 2013/01/14 v2.14 AMS math features
\@mathmargin=\skip55

For additional information on amsmath, use the `?' option.
(/usr/local/texlive/2014/texmf-dist/tex/latex/amsmath/amstext.sty
Package: amstext 2000/06/29 v2.01

(/usr/local/texlive/2014/texmf-dist/tex/latex/amsmath/amsgen.sty
File: amsgen.sty 1999/11/30 v2.0
\@emptytoks=\toks19
\ex@=\dimen133
))
(/usr/local/texlive/2014/texmf-dist/tex/latex/amsmath/amsbsy.sty
Package: amsbsy 1999/11/29 v1.2d
\pmbraise@=\dimen134
)
(/usr/local/texlive/2014/texmf-dist/tex/latex/amsmath/amsopn.sty
Package: amsopn 1999/12/14 v2.01 operator names
)
\inf@bad=\count101
LaTeX Info: Redefining \frac on input line 210.
\uproot@=\count102
\leftroot@=\count103
LaTeX Info: Redefining \overline on input line 306.
\classnum@=\count104
\DOTSCASE@=\count105
LaTeX Info: Redefining \ldots on input line 378.
LaTeX Info: Redefining \dots on input line 381.
LaTeX Info: Redefining \cdots on input line 466.
\Mathstrutbox@=\box28
\strutbox@=\box29
\big@size=\dimen135
LaTeX Font Info:    Redeclaring font encoding OML on input line 566.
LaTeX Font Info:    Redeclaring font encoding OMS on input line 567.
\macc@depth=\count106
\c@MaxMatrixCols=\count107
\dotsspace@=\muskip10
\c@parentequation=\count108
\dspbrk@lvl=\count109
\tag@help=\toks20
\row@=\count110
\column@=\count111
\maxfields@=\count112
\andhelp@=\toks21
\eqnshift@=\dimen136
\alignsep@=\dimen137
\tagshift@=\dimen138
\tagwidth@=\dimen139
\totwidth@=\dimen140
\lineht@=\dimen141
\@envbody=\toks22
\multlinegap=\skip56
\multlinetaggap=\skip57
\mathdisplay@stack=\toks23
LaTeX Info: Redefining \[ on input line 2665.
LaTeX Info: Redefining \] on input line 2666.
)
LaTeX Info: Thecontrolsequence`\['isalreadyrobust on input line 129.
LaTeX Info: Thecontrolsequence`\]'isalreadyrobust on input line 129.
\g_MT_multlinerow_int=\count113
\l_MT_multwidth_dim=\dimen142
\origjot=\skip58
\l_MT_shortvdotswithinadjustabove_dim=\dimen143
\l_MT_shortvdotswithinadjustbelow_dim=\dimen144
\l_MT_above_intertext_sep=\dimen145
\l_MT_below_intertext_sep=\dimen146
\l_MT_above_shortintertext_sep=\dimen147
\l_MT_below_shortintertext_sep=\dimen148
)
\l_EQ_equationtype_int=\count114
\l_EQ_alignmentmode_int=\count115
\l_EQ_totalwidth_dim=\dimen149
\l_EQ_displaywidth_dim=\dimen150
\l_EQ_temp_linewidth_dim=\dimen151
\EmphEqdelimitershortfall=\dimen152
\EmphEqdelimiterfactor=\count116
\g_EQ_toptag_height_dim=\dimen153
\g_EQ_bottomtag_depth_dim=\dimen154
\g_EQ_toprow_height_dim=\dimen155
\g_EQ_bottomrow_depth_dim=\dimen156
\g_EQ_widesttag_dim=\dimen157
\EQ_mathdisplay_box=\box30
\EQ_tag_box=\box31
\g_EQ_temprow_int=\count117
)
(/usr/local/texlive/2014/texmf-dist/tex/latex/amsfonts/amssymb.sty
Package: amssymb 2013/01/14 v3.01 AMS font symbols
)
(/usr/local/texlive/2014/texmf-dist/tex/latex/tools/enumerate.sty
Package: enumerate 1999/03/05 v3.00 enumerate extensions (DPC)
\@enLab=\toks24
)
(/usr/local/texlive/2014/texmf-dist/tex/latex/amscls/amsthm.sty
Package: amsthm 2004/08/06 v2.20
\thm@style=\toks25
\thm@bodyfont=\toks26
\thm@headfont=\toks27
\thm@notefont=\toks28
\thm@headpunct=\toks29
\thm@preskip=\skip59
\thm@postskip=\skip60
\thm@headsep=\skip61
\dth@everypar=\toks30
)
(/usr/local/texlive/2014/texmf-dist/tex/latex/thmtools/thmtools.sty
Package: thmtools 2014/04/21 v66
\thmt@toks=\toks31
\c@thmt@dummyctr=\count118

(/usr/local/texlive/2014/texmf-dist/tex/latex/thmtools/thm-patch.sty
Package: thm-patch 2014/04/21 v66

(/usr/local/texlive/2014/texmf-dist/tex/latex/thmtools/parseargs.sty
Package: parseargs 2014/04/21 v66
\@parsespec=\toks32
))
(/usr/local/texlive/2014/texmf-dist/tex/latex/thmtools/thm-kv.sty
Package: thm-kv 2014/04/21 v66
Package thm-kv Info: Theorem names will be uppercased on input line 40.

(/usr/local/texlive/2014/texmf-dist/tex/generic/oberdiek/kvsetkeys.sty
Package: kvsetkeys 2012/04/25 v1.16 Key value parser (HO)

(/usr/local/texlive/2014/texmf-dist/tex/generic/oberdiek/etexcmds.sty
Package: etexcmds 2011/02/16 v1.5 Avoid name clashes with e-TeX commands (HO)

(/usr/local/texlive/2014/texmf-dist/tex/generic/oberdiek/ifluatex.sty
Package: ifluatex 2010/03/01 v1.3 Provides the ifluatex switch (HO)
Package ifluatex Info: LuaTeX not detected.
)
Package etexcmds Info: Could not find \expanded.
(etexcmds)             That can mean that you are not using pdfTeX 1.50 or
(etexcmds)             that some package has redefined \expanded.
(etexcmds)             In the latter case, load this package earlier.
))
Package thm-kv Info: kvsetkeys patch (v1.16 or later) on input line 156.
)
(/usr/local/texlive/2014/texmf-dist/tex/latex/thmtools/thm-autoref.sty
Package: thm-autoref 2014/04/21 v66

(/usr/local/texlive/2014/texmf-dist/tex/latex/thmtools/aliasctr.sty
Package: aliasctr 2014/04/21 v66

(/usr/local/texlive/2014/texmf-dist/tex/latex/carlisle/remreset.sty)))
(/usr/local/texlive/2014/texmf-dist/tex/latex/thmtools/thm-listof.sty
Package: thm-listof 2014/04/21 v66
)
(/usr/local/texlive/2014/texmf-dist/tex/latex/thmtools/thm-restate.sty
Package: thm-restate 2014/04/21 v66
)
(/usr/local/texlive/2014/texmf-dist/tex/latex/thmtools/thm-amsthm.sty
Package: thm-amsthm 2014/04/21 v66
\thmt@style@headstyle=\toks33
))
(/usr/local/texlive/2014/texmf-dist/tex/latex/esint/esint.sty
Package: esint 
\symlargesymbolsA=\mathgroup6
)
(/usr/local/texlive/2014/texmf-dist/tex/latex/tools/array.sty
Package: array 2008/09/09 v2.4c Tabular extension package (FMi)
\col@sep=\dimen158
\extrarowheight=\dimen159
\NC@list=\toks34
\extratabsurround=\skip62
\backup@length=\skip63
)
\c@teorema=\count119
\c@lema=\count120
\c@cor=\count121
\c@prop=\count122
\c@defi=\count123
\c@exemdefi=\count124
\c@exemteo=\count125
\c@exem=\count126
\c@recorda=\count127
\c@fact=\count128
\c@note=\count129

(/usr/local/texlive/2014/texmf-dist/tex/latex/listings/listings.sty
\lst@mode=\count130
\lst@gtempboxa=\box32
\lst@token=\toks35
\lst@length=\count131
\lst@currlwidth=\dimen160
\lst@column=\count132
\lst@pos=\count133
\lst@lostspace=\dimen161
\lst@width=\dimen162
\lst@newlines=\count134
\lst@lineno=\count135
\lst@maxwidth=\dimen163

(/usr/local/texlive/2014/texmf-dist/tex/latex/listings/lstmisc.sty
File: lstmisc.sty 2014/03/04 1.5c (Carsten Heinz)
\c@lstnumber=\count136
\lst@skipnumbers=\count137
\lst@framebox=\box33
)
(/usr/local/texlive/2014/texmf-dist/tex/latex/listings/listings.cfg
File: listings.cfg 2014/03/04 1.5c listings configuration
))
Package: listings 2014/03/04 1.5c (Carsten Heinz)

(/usr/local/texlive/2014/texmf-dist/tex/latex/listings/lstlang1.sty
File: lstlang1.sty 2014/03/04 1.5c listings language file
)
(/usr/local/texlive/2014/texmf-dist/tex/latex/listings/lstmisc.sty
File: lstmisc.sty 2014/03/04 1.5c (Carsten Heinz)
))

LaTeX Warning: Unused global option(s):
    [twosided].

(./relat.aux)
\openout1 = `relat.aux'.

LaTeX Font Info:    Checking defaults for OML/cmm/m/it on input line 22.
LaTeX Font Info:    ... okay on input line 22.
LaTeX Font Info:    Checking defaults for T1/cmr/m/n on input line 22.
LaTeX Font Info:    ... okay on input line 22.
LaTeX Font Info:    Checking defaults for OT1/cmr/m/n on input line 22.
LaTeX Font Info:    ... okay on input line 22.
LaTeX Font Info:    Checking defaults for OMS/cmsy/m/n on input line 22.
LaTeX Font Info:    ... okay on input line 22.
LaTeX Font Info:    Checking defaults for OMX/cmex/m/n on input line 22.
LaTeX Font Info:    ... okay on input line 22.
LaTeX Font Info:    Checking defaults for U/cmr/m/n on input line 22.
LaTeX Font Info:    ... okay on input line 22.

(/usr/local/texlive/2014/texmf-dist/tex/context/base/supp-pdf.mkii
[Loading MPS to PDF converter (version 2006.09.02).]
\scratchcounter=\count138
\scratchdimen=\dimen164
\scratchbox=\box34
\nofMPsegments=\count139
\nofMParguments=\count140
\everyMPshowfont=\toks36
\MPscratchCnt=\count141
\MPscratchDim=\dimen165
\MPnumerator=\count142
\makeMPintoPDFobject=\count143
\everyMPtoPDFconversion=\toks37
) (/usr/local/texlive/2014/texmf-dist/tex/generic/oberdiek/pdftexcmds.sty
Package: pdftexcmds 2011/11/29 v0.20 Utility functions of pdfTeX for LuaTeX (HO
)
Package pdftexcmds Info: LuaTeX not detected.
Package pdftexcmds Info: \pdf@primitive is available.
Package pdftexcmds Info: \pdf@ifprimitive is available.
Package pdftexcmds Info: \pdfdraftmode found.
)
(/usr/local/texlive/2014/texmf-dist/tex/latex/oberdiek/epstopdf-base.sty
Package: epstopdf-base 2010/02/09 v2.5 Base part for package epstopdf

(/usr/local/texlive/2014/texmf-dist/tex/latex/oberdiek/grfext.sty
Package: grfext 2010/08/19 v1.1 Manage graphics extensions (HO)

(/usr/local/texlive/2014/texmf-dist/tex/generic/oberdiek/kvdefinekeys.sty
Package: kvdefinekeys 2011/04/07 v1.3 Define keys (HO)
))
(/usr/local/texlive/2014/texmf-dist/tex/latex/oberdiek/kvoptions.sty
Package: kvoptions 2011/06/30 v3.11 Key value format for package options (HO)
)
Package grfext Info: Graphics extension search list:
(grfext)             [.png,.pdf,.jpg,.mps,.jpeg,.jbig2,.jb2,.PNG,.PDF,.JPG,.JPE
G,.JBIG2,.JB2,.eps]
(grfext)             \AppendGraphicsExtensions on input line 452.

(/usr/local/texlive/2014/texmf-dist/tex/latex/latexconfig/epstopdf-sys.cfg
File: epstopdf-sys.cfg 2010/07/13 v1.3 Configuration of (r)epstopdf for TeX Liv
e
))
Package caption Info: Begin \AtBeginDocument code.
Package caption Info: listings package is loaded.
Package caption Info: End \AtBeginDocument code.

*geometry* driver: auto-detecting
*geometry* detected driver: pdftex

Package geometry Warning: The marginal notes overrun the paper.
     Add 3.0945pt and more to the right margin.

*geometry* verbose mode - [ preamble ] result:
* driver: pdftex
* paper: a4paper
* layout: <same size as paper>
* layoutoffset:(h,v)=(0.0pt,0.0pt)
* modes: 
* h-part:(L,W,R)=(56.9055pt, 483.69687pt, 56.9055pt)
* v-part:(T,H,B)=(56.9055pt, 731.23584pt, 56.9055pt)
* \paperwidth=597.50787pt
* \paperheight=845.04684pt
* \textwidth=483.69687pt
* \textheight=731.23584pt
* \oddsidemargin=-15.36449pt
* \evensidemargin=-15.36449pt
* \topmargin=-52.36449pt
* \headheight=12.5pt
* \headsep=25.0pt
* \topskip=11.0pt
* \footskip=30.0pt
* \marginparwidth=50.0pt
* \marginparsep=10.0pt
* \columnsep=10.0pt
* \skip\footins=10.0pt plus 4.0pt minus 2.0pt
* \hoffset=0.0pt
* \voffset=0.0pt
* \mag=1000
* \@twocolumnfalse
* \@twosidefalse
* \@mparswitchfalse
* \@reversemarginfalse
* (1in=72.27pt=25.4mm, 1cm=28.453pt)

\Hy@linkcounter=\count144
\c@lstlisting=\count145
LaTeX Font Info:    Try loading font information for U+msa on input line 26.
(/usr/local/texlive/2014/texmf-dist/tex/latex/amsfonts/umsa.fd
File: umsa.fd 2013/01/14 v3.01 AMS symbols A
)
LaTeX Font Info:    Try loading font information for U+msb on input line 26.

(/usr/local/texlive/2014/texmf-dist/tex/latex/amsfonts/umsb.fd
File: umsb.fd 2013/01/14 v3.01 AMS symbols B
)
LaTeX Font Info:    Try loading font information for U+esint on input line 26.

(/usr/local/texlive/2014/texmf-dist/tex/latex/esint/uesint.fd
File: uesint.fd 
)
Package epstopdf Info: Source file: <imagens/ist.eps>
(epstopdf)                    date: 2014-02-23 13:11:04
(epstopdf)                    size: 261156 bytes
(epstopdf)             Output file: <imagens/ist-eps-converted-to.pdf>
(epstopdf)                    date: 2014-12-08 13:18:20
(epstopdf)                    size: 58253 bytes
(epstopdf)             Command: <repstopdf --outfile=imagens/ist-eps-converted-
to.pdf imagens/ist.eps>
(epstopdf)             \includegraphics on input line 26.
Package epstopdf Info: Output file is already uptodate.

<imagens/ist-eps-converted-to.pdf, id=1, 500.87125pt x 193.72375pt>
File: imagens/ist-eps-converted-to.pdf Graphic file (type pdf)

<use imagens/ist-eps-converted-to.pdf>
Package pdftex.def Info: imagens/ist-eps-converted-to.pdf used on input line 26
.
(pdftex.def)             Requested size: 73.56068pt x 28.45274pt.
 [1

{/usr/local/texlive/2014/texmf-var/fonts/map/pdftex/updmap/pdftex.map} <./image
ns/ist-eps-converted-to.pdf>] [1]
(./relat.toc
LaTeX Font Info:    Try loading font information for T1+cmtt on input line 8.
 (/usr/local/texlive/2014/texmf-dist/tex/latex/base/t1cmtt.fd
File: t1cmtt.fd 1999/05/25 v2.5h Standard LaTeX font definitions
))
\tf@toc=\write4
\openout4 = `relat.toc'.


[2

] [3]
LaTeX Font Info:    Try loading font information for OMS+cmr on input line 46.
 (/usr/local/texlive/2014/texmf-dist/tex/latex/base/omscmr.fd
File: omscmr.fd 1999/05/25 v2.5h Standard LaTeX font definitions
)
LaTeX Font Info:    Font shape `OMS/cmr/m/n' in size <10.95> not available
(Font)              Font shape `OMS/cmsy/m/n' tried instead on input line 46.
 [4

]

Package Fancyhdr Warning: \headheight is too small (12.5pt): 
 Make it at least 13.59999pt.
 We now make it that large for the rest of the document.
 This may cause the page layout to be inconsistent, however.

[5]
Cap\'{\i }tulo 1.
Package epstopdf Info: Source file: <imagens/fluxMain.eps>
(epstopdf)                    date: 2014-12-08 13:16:32
(epstopdf)                    size: 367341 bytes
(epstopdf)             Output file: <imagens/fluxMain-eps-converted-to.pdf>
(epstopdf)                    date: 2014-12-08 13:18:21
(epstopdf)                    size: 205290 bytes
(epstopdf)             Command: <repstopdf --outfile=imagens/fluxMain-eps-conve
rted-to.pdf imagens/fluxMain.eps>
(epstopdf)             \includegraphics on input line 73.
Package epstopdf Info: Output file is already uptodate.
<imagens/fluxMain-eps-converted-to.pdf, id=41, 897.3525pt x 933.4875pt>
File: imagens/fluxMain-eps-converted-to.pdf Graphic file (type pdf)

<use imagens/fluxMain-eps-converted-to.pdf>
Package pdftex.def Info: imagens/fluxMain-eps-converted-to.pdf used on input li
ne 73.
(pdftex.def)             Requested size: 290.22107pt x 301.89848pt.
Package epstopdf Info: Source file: <imagens/fluxComputeBestPath.eps>
(epstopdf)                    date: 2014-12-08 13:16:32
(epstopdf)                    size: 1281253 bytes
(epstopdf)             Output file: <imagens/fluxComputeBestPath-eps-converted-
to.pdf>
(epstopdf)                    date: 2014-12-08 13:18:22
(epstopdf)                    size: 702188 bytes
(epstopdf)             Command: <repstopdf --outfile=imagens/fluxComputeBestPat
h-eps-converted-to.pdf imagens/fluxComputeBestPath.eps>
(epstopdf)             \includegraphics on input line 80.
Package epstopdf Info: Output file is already uptodate.

<imagens/fluxComputeBestPath-eps-converted-to.pdf, id=42, 1443.3925pt x 1253.68
375pt>
File: imagens/fluxComputeBestPath-eps-converted-to.pdf Graphic file (type pdf)
 <use imagens/fluxComputeBestPath-eps-converted-to.pdf>
Package pdftex.def Info: imagens/fluxComputeBestPath-eps-converted-to.pdf used 
on input line 80.
(pdftex.def)             Requested size: 483.69687pt x 420.12535pt.
 [6

 <./imagens/fluxMain-eps-converted-to.pdf>]
Package epstopdf Info: Source file: <imagens/classes.eps>
(epstopdf)                    date: 2014-12-08 13:16:32
(epstopdf)                    size: 135291 bytes
(epstopdf)             Output file: <imagens/classes-eps-converted-to.pdf>
(epstopdf)                    date: 2014-12-08 13:18:23
(epstopdf)                    size: 74750 bytes
(epstopdf)             Command: <repstopdf --outfile=imagens/classes-eps-conver
ted-to.pdf imagens/classes.eps>
(epstopdf)             \includegraphics on input line 89.
Package epstopdf Info: Output file is already uptodate.

<imagens/classes-eps-converted-to.pdf, id=51, 1039.885pt x 574.145pt>
File: imagens/classes-eps-converted-to.pdf Graphic file (type pdf)

<use imagens/classes-eps-converted-to.pdf>
Package pdftex.def Info: imagens/classes-eps-converted-to.pdf used on input lin
e 89.
(pdftex.def)             Requested size: 338.58632pt x 186.93658pt.
LaTeX Font Info:    Font shape `T1/cmtt/bx/n' in size <12> not available
(Font)              Font shape `T1/cmtt/m/n' tried instead on input line 93.


Package Fancyhdr Warning: \headheight is too small (12.5pt): 
 Make it at least 13.59999pt.
 We now make it that large for the rest of the document.
 This may cause the page layout to be inconsistent, however.

[7 <./imagens/fluxComputeBestPath-eps-converted-to.pdf>]
Package epstopdf Info: Source file: <imagens/heap.eps>
(epstopdf)                    date: 2014-12-08 13:16:32
(epstopdf)                    size: 95049 bytes
(epstopdf)             Output file: <imagens/heap-eps-converted-to.pdf>
(epstopdf)                    date: 2014-12-08 13:18:24
(epstopdf)                    size: 50512 bytes
(epstopdf)             Command: <repstopdf --outfile=imagens/heap-eps-converted
-to.pdf imagens/heap.eps>
(epstopdf)             \includegraphics on input line 106.
Package epstopdf Info: Output file is already uptodate.

<imagens/heap-eps-converted-to.pdf, id=58, 693.59125pt x 473.77pt>
File: imagens/heap-eps-converted-to.pdf Graphic file (type pdf)

<use imagens/heap-eps-converted-to.pdf>
Package pdftex.def Info: imagens/heap-eps-converted-to.pdf used on input line 1
06.
(pdftex.def)             Requested size: 241.84843pt x 165.20027pt.
 (./codigo/Heap.h
LaTeX Font Info:    Font shape `OMS/cmr/m/n' in size <9> not available
(Font)              Font shape `OMS/cmsy/m/n' tried instead on input line 26.


Package Fancyhdr Warning: \headheight is too small (12.5pt): 
 Make it at least 13.59999pt.
 We now make it that large for the rest of the document.
 This may cause the page layout to be inconsistent, however.

[8 <./imagens/classes-eps-converted-to.pdf> <./imagens/heap-eps-converted-to.pd
f>])
Package epstopdf Info: Source file: <imagens/linkedList.eps>
(epstopdf)                    date: 2014-12-08 13:16:32
(epstopdf)                    size: 29851 bytes
(epstopdf)             Output file: <imagens/linkedList-eps-converted-to.pdf>
(epstopdf)                    date: 2014-12-08 13:18:25
(epstopdf)                    size: 16308 bytes
(epstopdf)             Command: <repstopdf --outfile=imagens/linkedList-eps-con
verted-to.pdf imagens/linkedList.eps>
(epstopdf)             \includegraphics on input line 121.
Package epstopdf Info: Output file is already uptodate.

<imagens/linkedList-eps-converted-to.pdf, id=69, 482.80376pt x 300.12125pt>
File: imagens/linkedList-eps-converted-to.pdf Graphic file (type pdf)

<use imagens/linkedList-eps-converted-to.pdf>
Package pdftex.def Info: imagens/linkedList-eps-converted-to.pdf used on input 
line 121.
(pdftex.def)             Requested size: 145.11053pt x 90.20192pt.
 (./codigo/LinkedList.h

Package Fancyhdr Warning: \headheight is too small (12.5pt): 
 Make it at least 13.59999pt.
 We now make it that large for the rest of the document.
 This may cause the page layout to be inconsistent, however.

[9 <./imagens/linkedList-eps-converted-to.pdf>]) (./codigo/Bridge.h)

Package Fancyhdr Warning: \headheight is too small (12.5pt): 
 Make it at least 13.59999pt.
 We now make it that large for the rest of the document.
 This may cause the page layout to be inconsistent, however.

[10]
Package epstopdf Info: Source file: <imagens/graph.eps>
(epstopdf)                    date: 2014-12-08 13:16:32
(epstopdf)                    size: 136284 bytes
(epstopdf)             Output file: <imagens/graph-eps-converted-to.pdf>
(epstopdf)                    date: 2014-12-08 13:18:26
(epstopdf)                    size: 66699 bytes
(epstopdf)             Command: <repstopdf --outfile=imagens/graph-eps-converte
d-to.pdf imagens/graph.eps>
(epstopdf)             \includegraphics on input line 152.
Package epstopdf Info: Output file is already uptodate.
 <imagens/graph-eps-converted-to.pdf, id=78, 1127.21124pt x 610.28pt>
File: imagens/graph-eps-converted-to.pdf Graphic file (type pdf)

<use imagens/graph-eps-converted-to.pdf>
Package pdftex.def Info: imagens/graph-eps-converted-to.pdf used on input line 
152.
(pdftex.def)             Requested size: 338.58632pt x 183.3089pt.
 (./codigo/Graph.h

Package Fancyhdr Warning: \headheight is too small (12.5pt): 
 Make it at least 13.59999pt.
 We now make it that large for the rest of the document.
 This may cause the page layout to be inconsistent, however.

[11 <./imagens/graph-eps-converted-to.pdf>]) (./codigo/Utilities.h)

Package Fancyhdr Warning: \headheight is too small (12.5pt): 
 Make it at least 13.59999pt.
 We now make it that large for the rest of the document.
 This may cause the page layout to be inconsistent, however.

[12] (./codigo/Defs.h)

Package Fancyhdr Warning: \headheight is too small (12.5pt): 
 Make it at least 13.59999pt.
 We now make it that large for the rest of the document.
 This may cause the page layout to be inconsistent, however.

[13]
Cap\'{\i }tulo 2.
Package epstopdf Info: Source file: <imagens/fluxDijkstra.eps>
(epstopdf)                    date: 2014-12-08 13:16:32
(epstopdf)                    size: 964354 bytes
(epstopdf)             Output file: <imagens/fluxDijkstra-eps-converted-to.pdf>

(epstopdf)                    date: 2014-12-08 13:18:27
(epstopdf)                    size: 519706 bytes
(epstopdf)             Command: <repstopdf --outfile=imagens/fluxDijkstra-eps-c
onverted-to.pdf imagens/fluxDijkstra.eps>
(epstopdf)             \includegraphics on input line 185.
Package epstopdf Info: Output file is already uptodate.
<imagens/fluxDijkstra-eps-converted-to.pdf, id=91, 1537.745pt x 1479.5275pt>
File: imagens/fluxDijkstra-eps-converted-to.pdf Graphic file (type pdf)

<use imagens/fluxDijkstra-eps-converted-to.pdf>
Package pdftex.def Info: imagens/fluxDijkstra-eps-converted-to.pdf used on inpu
t line 185.
(pdftex.def)             Requested size: 483.69687pt x 465.37636pt.
LaTeX Font Info:    Font shape `T1/cmtt/bx/n' in size <14.4> not available
(Font)              Font shape `T1/cmtt/m/n' tried instead on input line 189.
Package epstopdf Info: Source file: <imagens/fluxGetMapFromFile.eps>
(epstopdf)                    date: 2014-12-08 13:16:32
(epstopdf)                    size: 810953 bytes
(epstopdf)             Output file: <imagens/fluxGetMapFromFile-eps-converted-t
o.pdf>
(epstopdf)                    date: 2014-12-08 13:18:28
(epstopdf)                    size: 439941 bytes
(epstopdf)             Command: <repstopdf --outfile=imagens/fluxGetMapFromFile
-eps-converted-to.pdf imagens/fluxGetMapFromFile.eps>
(epstopdf)             \includegraphics on input line 194.
Package epstopdf Info: Output file is already uptodate.

<imagens/fluxGetMapFromFile-eps-converted-to.pdf, id=92, 1625.07124pt x 897.352
5pt>
File: imagens/fluxGetMapFromFile-eps-converted-to.pdf Graphic file (type pdf)
 <use imagens/fluxGetMapFromFile-eps-converted-to.pdf>
Package pdftex.def Info: imagens/fluxGetMapFromFile-eps-converted-to.pdf used o
n input line 194.
(pdftex.def)             Requested size: 483.69687pt x 267.08548pt.
Package epstopdf Info: Source file: <imagens/fluxGetTime.eps>
(epstopdf)                    date: 2014-12-08 13:16:32
(epstopdf)                    size: 424508 bytes
(epstopdf)             Output file: <imagens/fluxGetTime-eps-converted-to.pdf>
(epstopdf)                    date: 2014-12-08 13:18:29
(epstopdf)                    size: 236905 bytes
(epstopdf)             Command: <repstopdf --outfile=imagens/fluxGetTime-eps-co
nverted-to.pdf imagens/fluxGetTime.eps>
(epstopdf)             \includegraphics on input line 205.
Package epstopdf Info: Output file is already uptodate.

<imagens/fluxGetTime-eps-converted-to.pdf, id=93, 839.135pt x 969.6225pt>
File: imagens/fluxGetTime-eps-converted-to.pdf Graphic file (type pdf)

<use imagens/fluxGetTime-eps-converted-to.pdf>
Package pdftex.def Info: imagens/fluxGetTime-eps-converted-to.pdf used on input
 line 205.
(pdftex.def)             Requested size: 290.22107pt x 335.34865pt.
 [14

]
LaTeX Font Info:    Font shape `T1/cmtt/bx/n' in size <10.95> not available
(Font)              Font shape `T1/cmtt/m/n' tried instead on input line 209.


Package Fancyhdr Warning: \headheight is too small (12.5pt): 
 Make it at least 13.59999pt.
 We now make it that large for the rest of the document.
 This may cause the page layout to be inconsistent, however.

[15 <./imagens/fluxDijkstra-eps-converted-to.pdf>]

Package Fancyhdr Warning: \headheight is too small (12.5pt): 
 Make it at least 13.59999pt.
 We now make it that large for the rest of the document.
 This may cause the page layout to be inconsistent, however.

[16 <./imagens/fluxGetMapFromFile-eps-converted-to.pdf> <./imagens/fluxGetTime-
eps-converted-to.pdf>]
Cap\'{\i }tulo 3.
[17

]
Cap\'{\i }tulo 4.
[18

]
Cap\'{\i }tulo 5.

Package caption Warning: \captionsetup{type*=...} or \captionof
(caption)                outside box or environment on input line 259.
See the caption package documentation for explanation.

[19

]

Package Fancyhdr Warning: \headheight is too small (12.5pt): 
 Make it at least 13.59999pt.
 We now make it that large for the rest of the document.
 This may cause the page layout to be inconsistent, however.

[20] [21

] (./relat.aux) ) 
Here is how much of TeX's memory you used:
 8801 strings out of 493117
 133177 string characters out of 6135434
 493491 words of memory out of 5000000
 12006 multiletter control sequences out of 15000+600000
 27436 words of font info for 75 fonts, out of 8000000 for 9000
 1148 hyphenation exceptions out of 8191
 60i,12n,94p,1159b,1748s stack positions out of 5000i,500n,10000p,200000b,80000s
{/usr/local/texlive/2014/texmf-dist/fonts/enc/dvips/cm-super/c
m-super-t1.enc}</usr/local/texlive/2014/texmf-dist/fonts/type1/public/amsfonts/
cm/cmmi10.pfb></usr/local/texlive/2014/texmf-dist/fonts/type1/public/amsfonts/c
m/cmmi8.pfb></usr/local/texlive/2014/texmf-dist/fonts/type1/public/amsfonts/cm/
cmr10.pfb></usr/local/texlive/2014/texmf-dist/fonts/type1/public/amsfonts/cm/cm
r8.pfb></usr/local/texlive/2014/texmf-dist/fonts/type1/public/amsfonts/cm/cmsy1
0.pfb></usr/local/texlive/2014/texmf-dist/fonts/type1/public/amsfonts/cm/cmsy9.
pfb></usr/local/texlive/2014/texmf-dist/fonts/type1/public/amsfonts/symbols/msa
m10.pfb></usr/local/texlive/2014/texmf-dist/fonts/type1/public/cm-super/sfbi144
0.pfb></usr/local/texlive/2014/texmf-dist/fonts/type1/public/cm-super/sfbx1000.
pfb></usr/local/texlive/2014/texmf-dist/fonts/type1/public/cm-super/sfbx1095.pf
b></usr/local/texlive/2014/texmf-dist/fonts/type1/public/cm-super/sfbx1200.pfb>
</usr/local/texlive/2014/texmf-dist/fonts/type1/public/cm-super/sfbx1440.pfb></
usr/local/texlive/2014/texmf-dist/fonts/type1/public/cm-super/sfbx1728.pfb></us
r/local/texlive/2014/texmf-dist/fonts/type1/public/cm-super/sfbx2074.pfb></usr/
local/texlive/2014/texmf-dist/fonts/type1/public/cm-super/sfbx2488.pfb></usr/lo
cal/texlive/2014/texmf-dist/fonts/type1/public/cm-super/sfit1095.pfb></usr/loca
l/texlive/2014/texmf-dist/fonts/type1/public/cm-super/sfrm0600.pfb></usr/local/
texlive/2014/texmf-dist/fonts/type1/public/cm-super/sfrm0900.pfb></usr/local/te
xlive/2014/texmf-dist/fonts/type1/public/cm-super/sfrm1095.pfb></usr/local/texl
ive/2014/texmf-dist/fonts/type1/public/cm-super/sfrm1200.pfb></usr/local/texliv
e/2014/texmf-dist/fonts/type1/public/cm-super/sfrm1728.pfb></usr/local/texlive/
2014/texmf-dist/fonts/type1/public/cm-super/sfti1095.pfb></usr/local/texlive/20
14/texmf-dist/fonts/type1/public/cm-super/sftt1095.pfb></usr/local/texlive/2014
/texmf-dist/fonts/type1/public/cm-super/sftt1200.pfb></usr/local/texlive/2014/t
exmf-dist/fonts/type1/public/cm-super/sftt1440.pfb>
Output written on relat.pdf (22 pages, 2816002 bytes).
PDF statistics:
 208 PDF objects out of 1000 (max. 8388607)
 146 compressed objects within 2 object streams
 0 named destinations out of 1000 (max. 500000)
 51 words of extra memory for PDF output out of 10000 (max. 10000000)

